[36m[1mi  emulators:[22m[39m Starting emulators: functions
[33m[1m!  functions:[22m[39m The following emulators are not running, calls to these services from the Functions emulator will affect production: [1mapphosting, auth, firestore, database, hosting, pubsub, storage, dataconnect[22m
[36m[1mi  functions:[22m[39m Watching "D:\coding\expo\fixed_frontend\fixed_frontend\functions" for Cloud Functions...
[32m[1m+  functions:[22m[39m Using node@20 from host.
[36m[1mi [22m[39m [36m[1mfunctions: [22m[39mLoaded environment variables from .env.
Serving at port 8405

[32m[1m+  functions:[22m[39m Loaded functions definitions from source: chatAssistant.
[32m[1m+  functions[asia-south1-chatAssistant]:[22m[39m [1mhttp[22m function initialized (http://127.0.0.1:5001/vitalchatbot-f7ce8/asia-south1/chatAssistant).

[90m┌─────────────────────────────────────────────────────────────┐[39m
[90m│[39m [32m✔[39m  [1mAll emulators ready! It is now safe to connect your app.[22m [90m│[39m
[90m│[39m [36mi[39m  View Emulator UI at [4m[1mhttp://127.0.0.1:4000/[22m[24m               [90m│[39m
[90m└─────────────────────────────────────────────────────────────┘[39m

[90m┌───────────[39m[90m┬────────────────[39m[90m┬─────────────────────────────────┐[39m
[90m│[39m[33m Emulator  [39m[90m│[39m[33m Host:Port      [39m[90m│[39m[33m View in Emulator UI             [39m[90m│[39m
[90m├───────────[39m[90m┼────────────────[39m[90m┼─────────────────────────────────┤[39m
[90m│[39m Functions [90m│[39m 127.0.0.1:5001 [90m│[39m [4m[1mhttp://127.0.0.1:4000/functions[22m[24m [90m│[39m
[90m└───────────[39m[90m┴────────────────[39m[90m┴─────────────────────────────────┘[39m
[90m  Emulator Hub host: 127.0.0.1 port: 4400[39m
[90m  Other reserved ports:[39m 4500

Issues? Report them at [4m[1mhttps://github.com/firebase/firebase-tools/issues[22m[24m and attach the *-debug.log files.
 
[36m[1mi [22m[39m [36m[1mfunctions: [22m[39mLoaded environment variables from .env.
[36m[1mi  functions:[22m[39m Beginning execution of "asia-south1-chatAssistant"
[90m> [39m {"verifications":{"app":"MISSING","auth":"MISSING"},"logging.googleapis.com/labels":{"firebase-log-type":"callable-request-verification"},"severity":"DEBUG","message":"Callable request verification passed"}
[36m[1mi  functions:[22m[39m Finished "asia-south1-chatAssistant" in 17.0162ms
 
[36m[1mi  emulators:[22m[39m Received SIGHUP for the first time. Starting a clean shutdown.
[36m[1mi  emulators:[22m[39m Please wait for a clean shutdown or send the SIGHUP signal again to stop right now.
[36m[1mi  emulators:[22m[39m Shutting down emulators.
[36m[1mi  ui:[22m[39m Stopping Emulator UI
[36m[1mi  functions:[22m[39m Stopping Functions Emulator
[36m[1mi  eventarc:[22m[39m Stopping Eventarc Emulator
[36m[1mi  tasks:[22m[39m Stopping Cloud Tasks Emulator
[36m[1mi  hub:[22m[39m Stopping emulator hub
[36m[1mi  logging:[22m[39m Stopping Logging Emulator
